#
# There is insufficient memory for the Java Runtime Environment to continue.
# Native memory allocation (malloc) failed to allocate 662416 bytes for Chunk::new
# Possible reasons:
#   The system is out of physical RAM or swap space
#   The process is running with CompressedOops enabled, and the Java Heap may be blocking the growth of the native heap
# Possible solutions:
#   Reduce memory load on the system
#   Increase physical memory or swap space
#   Check if swap backing store is full
#   Decrease Java heap size (-Xmx/-Xms)
#   Decrease number of Java threads
#   Decrease Java thread stack sizes (-Xss)
#   Set larger code cache with -XX:ReservedCodeCacheSize=
#   JVM is running with Unscaled Compressed Oops mode in which the Java heap is
#     placed in the first 4GB address space. The Java Heap base address is the
#     maximum limit for the native heap growth. Please use -XX:HeapBaseMinAddress
#     to set the Java Heap base and to place the Java Heap above 4GB virtual address.
# This output file may be truncated or incomplete.
#
#  Out of Memory Error (./src/hotspot/share/memory/arena.cpp:197), pid=27132, tid=12928
#
# JRE version: OpenJDK Runtime Environment (11.0.13) (build 11.0.13+0-b1751.21-8125866)
# Java VM: OpenJDK 64-Bit Server VM (11.0.13+0-b1751.21-8125866, mixed mode, tiered, compressed oops, g1 gc, windows-amd64)
# No core dump will be written. Minidumps are not enabled by default on client versions of Windows
#

---------------  S U M M A R Y ------------

Command Line: --add-opens=java.base/java.util=ALL-UNNAMED --add-opens=java.base/java.lang=ALL-UNNAMED --add-opens=java.base/java.lang.invoke=ALL-UNNAMED --add-opens=java.base/java.util=ALL-UNNAMED --add-opens=java.prefs/java.util.prefs=ALL-UNNAMED --add-opens=java.prefs/java.util.prefs=ALL-UNNAMED --add-opens=java.base/java.nio.charset=ALL-UNNAMED --add-opens=java.base/java.net=ALL-UNNAMED --add-opens=java.base/java.util.concurrent.atomic=ALL-UNNAMED -Xmx2048m -Dfile.encoding=UTF-8 -Duser.country=RU -Duser.language=ru -Duser.variant org.gradle.launcher.daemon.bootstrap.GradleDaemon 7.4

Host: Intel(R) Core(TM) i3-6006U CPU @ 2.00GHz, 4 cores, 7G,  Windows 10 , 64 bit Build 19041 (10.0.19041.2546)
Time: Fri Mar 24 00:50:44 2023 Финляндия (зима) elapsed time: 27.778192 seconds (0d 0h 0m 27s)

---------------  T H R E A D  ---------------

Current thread (0x00000280a6dd8000):  JavaThread "C2 CompilerThread0" daemon [_thread_in_native, id=12928, stack(0x000000aa87000000,0x000000aa87100000)]


Current CompileTask:
C2:  27778 3880       4       java.lang.invoke.MethodType::makeImpl (108 bytes)

Stack: [0x000000aa87000000,0x000000aa87100000]
Native frames: (J=compiled Java code, j=interpreted, Vv=VM code, C=native code)
V  [jvm.dll+0x6100fa]
V  [jvm.dll+0x747090]
V  [jvm.dll+0x7486ad]
V  [jvm.dll+0x748d83]
V  [jvm.dll+0x24ab48]
V  [jvm.dll+0xc04dc]
V  [jvm.dll+0xc0a0c]
V  [jvm.dll+0x35eb5b]
V  [jvm.dll+0x19d627]
V  [jvm.dll+0x2033be]
V  [jvm.dll+0x202437]
V  [jvm.dll+0x188e01]
V  [jvm.dll+0x21106b]
V  [jvm.dll+0x20f8c1]
V  [jvm.dll+0x70de0f]
V  [jvm.dll+0x706a75]
V  [jvm.dll+0x60ed66]
C  [ucrtbase.dll+0x21bb2]
C  [KERNEL32.DLL+0x17614]
C  [ntdll.dll+0x526a1]


---------------  P R O C E S S  ---------------

Threads class SMR info:
_java_thread_list=0x00000280a9b94300, length=35, elements={
0x000002808d1ae800, 0x00000280a6db1000, 0x00000280a6db4000, 0x00000280a6dcf800,
0x00000280a6dd1800, 0x00000280a6dd4800, 0x00000280a6dd8000, 0x00000280a6dd9000,
0x00000280a6ddf000, 0x00000280a788a800, 0x00000280a9d14800, 0x00000280aa5a4000,
0x00000280aa64c000, 0x00000280aa459800, 0x00000280aa5a1000, 0x00000280a845a800,
0x00000280a9b7f800, 0x00000280a92de000, 0x00000280aa9ee800, 0x00000280a8554800,
0x00000280a9e36800, 0x00000280a9e33800, 0x00000280a9e35000, 0x00000280a9e31000,
0x00000280a9e34000, 0x00000280a9e32800, 0x00000280a9e36000, 0x00000280a9e37800,
0x00000280a9e31800, 0x00000280a8899000, 0x00000280a889d000, 0x00000280a889c000,
0x00000280a8898000, 0x00000280a889e800, 0x00000280a889a000
}

Java Threads: ( => current thread )
  0x000002808d1ae800 JavaThread "main" [_thread_blocked, id=4604, stack(0x000000aa86400000,0x000000aa86500000)]
  0x00000280a6db1000 JavaThread "Reference Handler" daemon [_thread_blocked, id=2692, stack(0x000000aa86b00000,0x000000aa86c00000)]
  0x00000280a6db4000 JavaThread "Finalizer" daemon [_thread_blocked, id=20652, stack(0x000000aa86c00000,0x000000aa86d00000)]
  0x00000280a6dcf800 JavaThread "Signal Dispatcher" daemon [_thread_blocked, id=10272, stack(0x000000aa86d00000,0x000000aa86e00000)]
  0x00000280a6dd1800 JavaThread "Attach Listener" daemon [_thread_blocked, id=17892, stack(0x000000aa86e00000,0x000000aa86f00000)]
  0x00000280a6dd4800 JavaThread "Service Thread" daemon [_thread_blocked, id=25876, stack(0x000000aa86f00000,0x000000aa87000000)]
=>0x00000280a6dd8000 JavaThread "C2 CompilerThread0" daemon [_thread_in_native, id=12928, stack(0x000000aa87000000,0x000000aa87100000)]
  0x00000280a6dd9000 JavaThread "C1 CompilerThread0" daemon [_thread_blocked, id=7164, stack(0x000000aa87100000,0x000000aa87200000)]
  0x00000280a6ddf000 JavaThread "Sweeper thread" daemon [_thread_blocked, id=20596, stack(0x000000aa87200000,0x000000aa87300000)]
  0x00000280a788a800 JavaThread "Common-Cleaner" daemon [_thread_blocked, id=24608, stack(0x000000aa87300000,0x000000aa87400000)]
  0x00000280a9d14800 JavaThread "Daemon health stats" [_thread_blocked, id=27644, stack(0x000000aa87800000,0x000000aa87900000)]
  0x00000280aa5a4000 JavaThread "Incoming local TCP Connector on port 56431" [_thread_in_native, id=20736, stack(0x000000aa87500000,0x000000aa87600000)]
  0x00000280aa64c000 JavaThread "Daemon periodic checks" [_thread_blocked, id=17272, stack(0x000000aa87900000,0x000000aa87a00000)]
  0x00000280aa459800 JavaThread "Daemon" [_thread_blocked, id=8904, stack(0x000000aa87a00000,0x000000aa87b00000)]
  0x00000280aa5a1000 JavaThread "Handler for socket connection from /127.0.0.1:56431 to /127.0.0.1:56432" [_thread_in_native, id=26012, stack(0x000000aa87b00000,0x000000aa87c00000)]
  0x00000280a845a800 JavaThread "Cancel handler" [_thread_blocked, id=27240, stack(0x000000aa87c00000,0x000000aa87d00000)]
  0x00000280a9b7f800 JavaThread "Daemon worker" [_thread_in_vm, id=26888, stack(0x000000aa87d00000,0x000000aa87e00000)]
  0x00000280a92de000 JavaThread "Asynchronous log dispatcher for DefaultDaemonConnection: socket connection from /127.0.0.1:56431 to /127.0.0.1:56432" [_thread_blocked, id=11364, stack(0x000000aa87e00000,0x000000aa87f00000)]
  0x00000280aa9ee800 JavaThread "Stdin handler" [_thread_blocked, id=18900, stack(0x000000aa87f00000,0x000000aa88000000)]
  0x00000280a8554800 JavaThread "Daemon client event forwarder" [_thread_blocked, id=14664, stack(0x000000aa88000000,0x000000aa88100000)]
  0x00000280a9e36800 JavaThread "Cache worker for journal cache (C:\Users\sale\.gradle\caches\journal-1)" [_thread_blocked, id=5872, stack(0x000000aa88200000,0x000000aa88300000)]
  0x00000280a9e33800 JavaThread "File lock request listener" [_thread_in_native, id=2260, stack(0x000000aa88300000,0x000000aa88400000)]
  0x00000280a9e35000 JavaThread "Cache worker for file hash cache (C:\Users\sale\.gradle\caches\7.4\fileHashes)" [_thread_blocked, id=23036, stack(0x000000aa88400000,0x000000aa88500000)]
  0x00000280a9e31000 JavaThread "File watcher server" daemon [_thread_in_native, id=26904, stack(0x000000aa88600000,0x000000aa88700000)]
  0x00000280a9e34000 JavaThread "File watcher consumer" daemon [_thread_blocked, id=18520, stack(0x000000aa88500000,0x000000aa88600000)]
  0x00000280a9e32800 JavaThread "Cache worker for checksums cache (C:\Users\sale\AndroidStudioProjects\DroidCafe\.gradle\7.4\checksums)" [_thread_blocked, id=25756, stack(0x000000aa88700000,0x000000aa88800000)]
  0x00000280a9e36000 JavaThread "Cache worker for cache directory md-rule (C:\Users\sale\.gradle\caches\7.4\md-rule)" [_thread_blocked, id=26512, stack(0x000000aa88800000,0x000000aa88900000)]
  0x00000280a9e37800 JavaThread "Cache worker for file hash cache (C:\Users\sale\AndroidStudioProjects\DroidCafe\.gradle\7.4\fileHashes)" [_thread_blocked, id=10980, stack(0x000000aa88900000,0x000000aa88a00000)]
  0x00000280a9e31800 JavaThread "Cache worker for cache directory md-supplier (C:\Users\sale\.gradle\caches\7.4\md-supplier)" [_thread_blocked, id=26956, stack(0x000000aa88a00000,0x000000aa88b00000)]
  0x00000280a8899000 JavaThread "Cache worker for execution history cache (C:\Users\sale\.gradle\caches\7.4\executionHistory)" [_thread_blocked, id=25484, stack(0x000000aa88c00000,0x000000aa88d00000)]
  0x00000280a889d000 JavaThread "jar transforms" [_thread_blocked, id=4004, stack(0x000000aa88b00000,0x000000aa88c00000)]
  0x00000280a889c000 JavaThread "Cache worker for file content cache (C:\Users\sale\.gradle\caches\7.4\fileContent)" [_thread_blocked, id=9008, stack(0x000000aa88e00000,0x000000aa88f00000)]
  0x00000280a8898000 JavaThread "jar transforms Thread 2" [_thread_blocked, id=20316, stack(0x000000aa88f00000,0x000000aa89000000)]
  0x00000280a889e800 JavaThread "Cache worker for dependencies-accessors (C:\Users\sale\AndroidStudioProjects\DroidCafe\.gradle\7.4\dependencies-accessors)" [_thread_blocked, id=6420, stack(0x000000aa89000000,0x000000aa89100000)]
  0x00000280a889a000 JavaThread "jar transforms Thread 3" [_thread_blocked, id=25500, stack(0x000000aa89100000,0x000000aa89200000)]

Other Threads:
  0x00000280a6dad800 VMThread "VM Thread" [stack: 0x000000aa86a00000,0x000000aa86b00000] [id=11220]
  0x00000280a788f800 WatcherThread [stack: 0x000000aa87400000,0x000000aa87500000] [id=26652]
  0x000002808d1c5000 GCTaskThread "GC Thread#0" [stack: 0x000000aa86500000,0x000000aa86600000] [id=13396]
  0x00000280a8204000 GCTaskThread "GC Thread#1" [stack: 0x000000aa87600000,0x000000aa87700000] [id=22356]
  0x00000280a81c2800 GCTaskThread "GC Thread#2" [stack: 0x000000aa87700000,0x000000aa87800000] [id=26872]
  0x00000280a8555000 GCTaskThread "GC Thread#3" [stack: 0x000000aa88100000,0x000000aa88200000] [id=25468]
  0x000002808d1f7800 ConcurrentGCThread "G1 Main Marker" [stack: 0x000000aa86600000,0x000000aa86700000] [id=22472]
  0x000002808d1f8800 ConcurrentGCThread "G1 Conc#0" [stack: 0x000000aa86700000,0x000000aa86800000] [id=27264]
  0x000002808d286000 ConcurrentGCThread "G1 Refine#0" [stack: 0x000000aa86800000,0x000000aa86900000] [id=7020]
  0x000002808d287800 ConcurrentGCThread "G1 Young RemSet Sampling" [stack: 0x000000aa86900000,0x000000aa86a00000] [id=23688]

Threads with active compile tasks:
C2 CompilerThread0  27854 3880       4       java.lang.invoke.MethodType::makeImpl (108 bytes)

VM state:not at safepoint (normal execution)

VM Mutex/Monitor currently owned by a thread: None

Heap address: 0x0000000080000000, size: 2048 MB, Compressed Oops mode: 32-bit
Narrow klass base: 0x0000000000000000, Narrow klass shift: 3
Compressed class space size: 1073741824 Address: 0x0000000100000000

Heap:
 garbage-first heap   total 131072K, used 70366K [0x0000000080000000, 0x0000000100000000)
  region size 1024K, 50 young (51200K), 9 survivors (9216K)
 Metaspace       used 44560K, capacity 45581K, committed 45776K, reserved 1089536K
  class space    used 5616K, capacity 5997K, committed 6016K, reserved 1048576K
Heap Regions: E=young(eden), S=young(survivor), O=old, HS=humongous(starts), HC=humongous(continues), CS=collection set, F=free, A=archive, TAMS=top-at-mark-start (previous, next)
|   0|0x0000000080000000, 0x0000000080100000, 0x0000000080100000|100%|HS|  |TAMS 0x0000000080100000, 0x0000000080000000| Complete 
|   1|0x0000000080100000, 0x0000000080200000, 0x0000000080200000|100%|HC|  |TAMS 0x0000000080200000, 0x0000000080100000| Complete 
|   2|0x0000000080200000, 0x0000000080300000, 0x0000000080300000|100%|HC|  |TAMS 0x0000000080300000, 0x0000000080200000| Complete 
|   3|0x0000000080300000, 0x0000000080400000, 0x0000000080400000|100%| O|  |TAMS 0x0000000080400000, 0x0000000080300000| Untracked 
|   4|0x0000000080400000, 0x00000000804ffff8, 0x0000000080500000| 99%| O|  |TAMS 0x00000000804ffff8, 0x0000000080400000| Untracked 
|   5|0x0000000080500000, 0x0000000080600000, 0x0000000080600000|100%| O|  |TAMS 0x0000000080600000, 0x0000000080500000| Untracked 
|   6|0x0000000080600000, 0x0000000080700000, 0x0000000080700000|100%| O|  |TAMS 0x0000000080700000, 0x0000000080600000| Untracked 
|   7|0x0000000080700000, 0x0000000080800000, 0x0000000080800000|100%| O|  |TAMS 0x0000000080800000, 0x0000000080700000| Untracked 
|   8|0x0000000080800000, 0x0000000080900000, 0x0000000080900000|100%| O|  |TAMS 0x0000000080900000, 0x0000000080800000| Untracked 
|   9|0x0000000080900000, 0x0000000080a00000, 0x0000000080a00000|100%| O|  |TAMS 0x0000000080a00000, 0x0000000080900000| Untracked 
|  10|0x0000000080a00000, 0x0000000080b00000, 0x0000000080b00000|100%| O|  |TAMS 0x0000000080b00000, 0x0000000080a00000| Untracked 
|  11|0x0000000080b00000, 0x0000000080c00000, 0x0000000080c00000|100%| O|  |TAMS 0x0000000080c00000, 0x0000000080b00000| Untracked 
|  12|0x0000000080c00000, 0x0000000080d00000, 0x0000000080d00000|100%| O|  |TAMS 0x0000000080d00000, 0x0000000080c00000| Untracked 
|  13|0x0000000080d00000, 0x0000000080e00000, 0x0000000080e00000|100%| O|  |TAMS 0x0000000080e00000, 0x0000000080d00000| Untracked 
|  14|0x0000000080e00000, 0x0000000080f00000, 0x0000000080f00000|100%| O|  |TAMS 0x0000000080f00000, 0x0000000080e00000| Untracked 
|  15|0x0000000080f00000, 0x0000000081000000, 0x0000000081000000|100%| O|  |TAMS 0x0000000081000000, 0x0000000080f00000| Untracked 
|  16|0x0000000081000000, 0x0000000081100000, 0x0000000081100000|100%| O|  |TAMS 0x000000008102f600, 0x0000000081000000| Untracked 
|  17|0x0000000081100000, 0x0000000081200000, 0x0000000081200000|100%|HS|  |TAMS 0x0000000081100000, 0x0000000081100000| Complete 
|  18|0x0000000081200000, 0x0000000081200000, 0x0000000081300000|  0%| F|  |TAMS 0x0000000081200000, 0x0000000081200000| Untracked 
|  19|0x0000000081300000, 0x0000000081300000, 0x0000000081400000|  0%| F|  |TAMS 0x0000000081300000, 0x0000000081300000| Untracked 
|  20|0x0000000081400000, 0x0000000081500000, 0x0000000081500000|100%| O|  |TAMS 0x0000000081400000, 0x0000000081400000| Untracked 
|  21|0x0000000081500000, 0x0000000081600000, 0x0000000081600000|100%| O|  |TAMS 0x0000000081500000, 0x0000000081500000| Untracked 
|  22|0x0000000081600000, 0x0000000081600000, 0x0000000081700000|  0%| F|  |TAMS 0x0000000081600000, 0x0000000081600000| Untracked 
|  23|0x0000000081700000, 0x0000000081700000, 0x0000000081800000|  0%| F|  |TAMS 0x0000000081700000, 0x0000000081700000| Untracked 
|  24|0x0000000081800000, 0x0000000081800000, 0x0000000081900000|  0%| F|  |TAMS 0x0000000081800000, 0x0000000081800000| Untracked 
|  25|0x0000000081900000, 0x0000000081900000, 0x0000000081a00000|  0%| F|  |TAMS 0x0000000081900000, 0x0000000081900000| Untracked 
|  26|0x0000000081a00000, 0x0000000081a00000, 0x0000000081b00000|  0%| F|  |TAMS 0x0000000081a00000, 0x0000000081a00000| Untracked 
|  27|0x0000000081b00000, 0x0000000081b00000, 0x0000000081c00000|  0%| F|  |TAMS 0x0000000081b00000, 0x0000000081b00000| Untracked 
|  28|0x0000000081c00000, 0x0000000081c00000, 0x0000000081d00000|  0%| F|  |TAMS 0x0000000081c00000, 0x0000000081c00000| Untracked 
|  29|0x0000000081d00000, 0x0000000081d00000, 0x0000000081e00000|  0%| F|  |TAMS 0x0000000081d00000, 0x0000000081d00000| Untracked 
|  30|0x0000000081e00000, 0x0000000081e00000, 0x0000000081f00000|  0%| F|  |TAMS 0x0000000081e00000, 0x0000000081e00000| Untracked 
|  31|0x0000000081f00000, 0x0000000081f00000, 0x0000000082000000|  0%| F|  |TAMS 0x0000000081f00000, 0x0000000081f00000| Untracked 
|  32|0x0000000082000000, 0x0000000082000000, 0x0000000082100000|  0%| F|  |TAMS 0x0000000082000000, 0x0000000082000000| Untracked 
|  33|0x0000000082100000, 0x0000000082100000, 0x0000000082200000|  0%| F|  |TAMS 0x0000000082100000, 0x0000000082100000| Untracked 
|  34|0x0000000082200000, 0x0000000082200000, 0x0000000082300000|  0%| F|  |TAMS 0x0000000082200000, 0x0000000082200000| Untracked 
|  35|0x0000000082300000, 0x0000000082300000, 0x0000000082400000|  0%| F|  |TAMS 0x0000000082300000, 0x0000000082300000| Untracked 
|  36|0x0000000082400000, 0x0000000082400000, 0x0000000082500000|  0%| F|  |TAMS 0x0000000082400000, 0x0000000082400000| Untracked 
|  37|0x0000000082500000, 0x0000000082500000, 0x0000000082600000|  0%| F|  |TAMS 0x0000000082500000, 0x0000000082500000| Untracked 
|  38|0x0000000082600000, 0x0000000082600000, 0x0000000082700000|  0%| F|  |TAMS 0x0000000082600000, 0x0000000082600000| Untracked 
|  39|0x0000000082700000, 0x0000000082700000, 0x0000000082800000|  0%| F|  |TAMS 0x0000000082700000, 0x0000000082700000| Untracked 
|  40|0x0000000082800000, 0x0000000082800000, 0x0000000082900000|  0%| F|  |TAMS 0x0000000082800000, 0x0000000082800000| Untracked 
|  41|0x0000000082900000, 0x0000000082900000, 0x0000000082a00000|  0%| F|  |TAMS 0x0000000082900000, 0x0000000082900000| Untracked 
|  42|0x0000000082a00000, 0x0000000082a00000, 0x0000000082b00000|  0%| F|  |TAMS 0x0000000082a00000, 0x0000000082a00000| Untracked 
|  43|0x0000000082b00000, 0x0000000082b00000, 0x0000000082c00000|  0%| F|  |TAMS 0x0000000082b00000, 0x0000000082b00000| Untracked 
|  44|0x0000000082c00000, 0x0000000082c00000, 0x0000000082d00000|  0%| F|  |TAMS 0x0000000082c00000, 0x0000000082c00000| Untracked 
|  45|0x0000000082d00000, 0x0000000082d00000, 0x0000000082e00000|  0%| F|  |TAMS 0x0000000082d00000, 0x0000000082d00000| Untracked 
|  46|0x0000000082e00000, 0x0000000082eb79f0, 0x0000000082f00000| 71%| S|CS|TAMS 0x0000000082e00000, 0x0000000082e00000| Complete 
|  47|0x0000000082f00000, 0x0000000083000000, 0x0000000083000000|100%| S|CS|TAMS 0x0000000082f00000, 0x0000000082f00000| Complete 
|  48|0x0000000083000000, 0x0000000083100000, 0x0000000083100000|100%| S|CS|TAMS 0x0000000083000000, 0x0000000083000000| Complete 
|  49|0x0000000083100000, 0x0000000083200000, 0x0000000083200000|100%| S|CS|TAMS 0x0000000083100000, 0x0000000083100000| Complete 
|  50|0x0000000083200000, 0x0000000083300000, 0x0000000083300000|100%| S|CS|TAMS 0x0000000083200000, 0x0000000083200000| Complete 
|  51|0x0000000083300000, 0x0000000083400000, 0x0000000083400000|100%| S|CS|TAMS 0x0000000083300000, 0x0000000083300000| Complete 
|  52|0x0000000083400000, 0x0000000083500000, 0x0000000083500000|100%| S|CS|TAMS 0x0000000083400000, 0x0000000083400000| Complete 
|  53|0x0000000083500000, 0x0000000083600000, 0x0000000083600000|100%| S|CS|TAMS 0x0000000083500000, 0x0000000083500000| Complete 
|  54|0x0000000083600000, 0x0000000083700000, 0x0000000083700000|100%| S|CS|TAMS 0x0000000083600000, 0x0000000083600000| Complete 
|  55|0x0000000083700000, 0x0000000083700000, 0x0000000083800000|  0%| F|  |TAMS 0x0000000083700000, 0x0000000083700000| Untracked 
|  56|0x0000000083800000, 0x0000000083800000, 0x0000000083900000|  0%| F|  |TAMS 0x0000000083800000, 0x0000000083800000| Untracked 
|  57|0x0000000083900000, 0x0000000083900000, 0x0000000083a00000|  0%| F|  |TAMS 0x0000000083900000, 0x0000000083900000| Untracked 
|  58|0x0000000083a00000, 0x0000000083a00000, 0x0000000083b00000|  0%| F|  |TAMS 0x0000000083a00000, 0x0000000083a00000| Untracked 
|  59|0x0000000083b00000, 0x0000000083b00000, 0x0000000083c00000|  0%| F|  |TAMS 0x0000000083b00000, 0x0000000083b00000| Untracked 
|  60|0x0000000083c00000, 0x0000000083c00000, 0x0000000083d00000|  0%| F|  |TAMS 0x0000000083c00000, 0x0000000083c00000| Untracked 
|  61|0x0000000083d00000, 0x0000000083d00000, 0x0000000083e00000|  0%| F|  |TAMS 0x0000000083d00000, 0x0000000083d00000| Untracked 
|  62|0x0000000083e00000, 0x0000000083e00000, 0x0000000083f00000|  0%| F|  |TAMS 0x0000000083e00000, 0x0000000083e00000| Untracked 
|  63|0x0000000083f00000, 0x0000000083f00000, 0x0000000084000000|  0%| F|  |TAMS 0x0000000083f00000, 0x0000000083f00000| Untracked 
|  64|0x0000000084000000, 0x0000000084000000, 0x0000000084100000|  0%| F|  |TAMS 0x0000000084000000, 0x0000000084000000| Untracked 
|  65|0x0000000084100000, 0x0000000084100000, 0x0000000084200000|  0%| F|  |TAMS 0x0000000084100000, 0x0000000084100000| Untracked 
|  66|0x0000000084200000, 0x0000000084200000, 0x0000000084300000|  0%| F|  |TAMS 0x0000000084200000, 0x0000000084200000| Untracked 
|  67|0x0000000084300000, 0x0000000084300000, 0x0000000084400000|  0%| F|  |TAMS 0x0000000084300000, 0x0000000084300000| Untracked 
|  68|0x0000000084400000, 0x0000000084400000, 0x0000000084500000|  0%| F|  |TAMS 0x0000000084400000, 0x0000000084400000| Untracked 
|  69|0x0000000084500000, 0x0000000084500000, 0x0000000084600000|  0%| F|  |TAMS 0x0000000084500000, 0x0000000084500000| Untracked 
|  70|0x0000000084600000, 0x0000000084600000, 0x0000000084700000|  0%| F|  |TAMS 0x0000000084600000, 0x0000000084600000| Untracked 
|  71|0x0000000084700000, 0x0000000084700000, 0x0000000084800000|  0%| F|  |TAMS 0x0000000084700000, 0x0000000084700000| Untracked 
|  72|0x0000000084800000, 0x0000000084800000, 0x0000000084900000|  0%| F|  |TAMS 0x0000000084800000, 0x0000000084800000| Untracked 
|  73|0x0000000084900000, 0x0000000084900000, 0x0000000084a00000|  0%| F|  |TAMS 0x0000000084900000, 0x0000000084900000| Untracked 
|  74|0x0000000084a00000, 0x0000000084a00000, 0x0000000084b00000|  0%| F|  |TAMS 0x0000000084a00000, 0x0000000084a00000| Untracked 
|  75|0x0000000084b00000, 0x0000000084b00000, 0x0000000084c00000|  0%| F|  |TAMS 0x0000000084b00000, 0x0000000084b00000| Untracked 
|  76|0x0000000084c00000, 0x0000000084c00000, 0x0000000084d00000|  0%| F|  |TAMS 0x0000000084c00000, 0x0000000084c00000| Untracked 
|  77|0x0000000084d00000, 0x0000000084d00000, 0x0000000084e00000|  0%| F|  |TAMS 0x0000000084d00000, 0x0000000084d00000| Untracked 
|  78|0x0000000084e00000, 0x0000000084e00000, 0x0000000084f00000|  0%| F|  |TAMS 0x0000000084e00000, 0x0000000084e00000| Untracked 
|  79|0x0000000084f00000, 0x0000000084f00000, 0x0000000085000000|  0%| F|  |TAMS 0x0000000084f00000, 0x0000000084f00000| Untracked 
|  80|0x0000000085000000, 0x0000000085000000, 0x0000000085100000|  0%| F|  |TAMS 0x0000000085000000, 0x0000000085000000| Untracked 
|  81|0x0000000085100000, 0x0000000085100000, 0x0000000085200000|  0%| F|  |TAMS 0x0000000085100000, 0x0000000085100000| Untracked 
|  82|0x0000000085200000, 0x0000000085200000, 0x0000000085300000|  0%| F|  |TAMS 0x0000000085200000, 0x0000000085200000| Untracked 
|  83|0x0000000085300000, 0x0000000085300000, 0x0000000085400000|  0%| F|  |TAMS 0x0000000085300000, 0x0000000085300000| Untracked 
|  84|0x0000000085400000, 0x0000000085400000, 0x0000000085500000|  0%| F|  |TAMS 0x0000000085400000, 0x0000000085400000| Untracked 
|  85|0x0000000085500000, 0x0000000085500000, 0x0000000085600000|  0%| F|  |TAMS 0x0000000085500000, 0x0000000085500000| Untracked 
|  86|0x0000000085600000, 0x0000000085600000, 0x0000000085700000|  0%| F|  |TAMS 0x0000000085600000, 0x0000000085600000| Untracked 
|  87|0x0000000085700000, 0x0000000085780800, 0x0000000085800000| 50%| E|  |TAMS 0x0000000085700000, 0x0000000085700000| Complete 
|  88|0x0000000085800000, 0x0000000085900000, 0x0000000085900000|100%| E|CS|TAMS 0x0000000085800000, 0x0000000085800000| Complete 
|  89|0x0000000085900000, 0x0000000085a00000, 0x0000000085a00000|100%| E|CS|TAMS 0x0000000085900000, 0x0000000085900000| Complete 
|  90|0x0000000085a00000, 0x0000000085b00000, 0x0000000085b00000|100%| E|CS|TAMS 0x0000000085a00000, 0x0000000085a00000| Complete 
|  91|0x0000000085b00000, 0x0000000085c00000, 0x0000000085c00000|100%| E|CS|TAMS 0x0000000085b00000, 0x0000000085b00000| Complete 
|  92|0x0000000085c00000, 0x0000000085d00000, 0x0000000085d00000|100%| E|CS|TAMS 0x0000000085c00000, 0x0000000085c00000| Complete 
|  93|0x0000000085d00000, 0x0000000085e00000, 0x0000000085e00000|100%| E|CS|TAMS 0x0000000085d00000, 0x0000000085d00000| Complete 
|  94|0x0000000085e00000, 0x0000000085f00000, 0x0000000085f00000|100%| E|CS|TAMS 0x0000000085e00000, 0x0000000085e00000| Complete 
|  95|0x0000000085f00000, 0x0000000086000000, 0x0000000086000000|100%| E|CS|TAMS 0x0000000085f00000, 0x0000000085f00000| Complete 
|  96|0x0000000086000000, 0x0000000086100000, 0x0000000086100000|100%| E|CS|TAMS 0x0000000086000000, 0x0000000086000000| Complete 
|  97|0x0000000086100000, 0x0000000086200000, 0x0000000086200000|100%| E|CS|TAMS 0x0000000086100000, 0x0000000086100000| Complete 
|  98|0x0000000086200000, 0x0000000086300000, 0x0000000086300000|100%| E|CS|TAMS 0x0000000086200000, 0x0000000086200000| Complete 
|  99|0x0000000086300000, 0x0000000086400000, 0x0000000086400000|100%| E|CS|TAMS 0x0000000086300000, 0x0000000086300000| Complete 
| 100|0x0000000086400000, 0x0000000086500000, 0x0000000086500000|100%| E|CS|TAMS 0x0000000086400000, 0x0000000086400000| Complete 
| 101|0x0000000086500000, 0x0000000086600000, 0x0000000086600000|100%| E|CS|TAMS 0x0000000086500000, 0x0000000086500000| Complete 
| 102|0x0000000086600000, 0x0000000086700000, 0x0000000086700000|100%| E|CS|TAMS 0x0000000086600000, 0x0000000086600000| Complete 
| 103|0x0000000086700000, 0x0000000086800000, 0x0000000086800000|100%| E|CS|TAMS 0x0000000086700000, 0x0000000086700000| Complete 
| 104|0x0000000086800000, 0x0000000086900000, 0x0000000086900000|100%| E|CS|TAMS 0x0000000086800000, 0x0000000086800000| Complete 
| 105|0x0000000086900000, 0x0000000086a00000, 0x0000000086a00000|100%| E|CS|TAMS 0x0000000086900000, 0x0000000086900000| Complete 
| 106|0x0000000086a00000, 0x0000000086b00000, 0x0000000086b00000|100%| E|CS|TAMS 0x0000000086a00000, 0x0000000086a00000| Complete 
| 107|0x0000000086b00000, 0x0000000086c00000, 0x0000000086c00000|100%| E|CS|TAMS 0x0000000086b00000, 0x0000000086b00000| Complete 
| 108|0x0000000086c00000, 0x0000000086d00000, 0x0000000086d00000|100%| E|CS|TAMS 0x0000000086c00000, 0x0000000086c00000| Complete 
| 109|0x0000000086d00000, 0x0000000086e00000, 0x0000000086e00000|100%| E|CS|TAMS 0x0000000086d00000, 0x0000000086d00000| Complete 
| 110|0x0000000086e00000, 0x0000000086f00000, 0x0000000086f00000|100%| E|CS|TAMS 0x0000000086e00000, 0x0000000086e00000| Complete 
| 111|0x0000000086f00000, 0x0000000087000000, 0x0000000087000000|100%| E|CS|TAMS 0x0000000086f00000, 0x0000000086f00000| Complete 
| 112|0x0000000087000000, 0x0000000087100000, 0x0000000087100000|100%| E|CS|TAMS 0x0000000087000000, 0x0000000087000000| Complete 
| 113|0x0000000087100000, 0x0000000087200000, 0x0000000087200000|100%| E|CS|TAMS 0x0000000087100000, 0x0000000087100000| Complete 
| 114|0x0000000087200000, 0x0000000087300000, 0x0000000087300000|100%| E|CS|TAMS 0x0000000087200000, 0x0000000087200000| Complete 
| 115|0x0000000087300000, 0x0000000087400000, 0x0000000087400000|100%| E|CS|TAMS 0x0000000087300000, 0x0000000087300000| Complete 
| 116|0x0000000087400000, 0x0000000087500000, 0x0000000087500000|100%| E|CS|TAMS 0x0000000087400000, 0x0000000087400000| Complete 
| 117|0x0000000087500000, 0x0000000087600000, 0x0000000087600000|100%| E|CS|TAMS 0x0000000087500000, 0x0000000087500000| Complete 
| 118|0x0000000087600000, 0x0000000087700000, 0x0000000087700000|100%| E|CS|TAMS 0x0000000087600000, 0x0000000087600000| Complete 
| 119|0x0000000087700000, 0x0000000087800000, 0x0000000087800000|100%| E|CS|TAMS 0x0000000087700000, 0x0000000087700000| Complete 
| 120|0x0000000087800000, 0x0000000087900000, 0x0000000087900000|100%| E|CS|TAMS 0x0000000087800000, 0x0000000087800000| Complete 
| 121|0x0000000087900000, 0x0000000087a00000, 0x0000000087a00000|100%| E|CS|TAMS 0x0000000087900000, 0x0000000087900000| Complete 
| 122|0x0000000087a00000, 0x0000000087b00000, 0x0000000087b00000|100%| E|CS|TAMS 0x0000000087a00000, 0x0000000087a00000| Complete 
| 123|0x0000000087b00000, 0x0000000087c00000, 0x0000000087c00000|100%| E|CS|TAMS 0x0000000087b00000, 0x0000000087b00000| Complete 
| 124|0x0000000087c00000, 0x0000000087d00000, 0x0000000087d00000|100%| E|CS|TAMS 0x0000000087c00000, 0x0000000087c00000| Complete 
| 125|0x0000000087d00000, 0x0000000087e00000, 0x0000000087e00000|100%| E|CS|TAMS 0x0000000087d00000, 0x0000000087d00000| Complete 
| 126|0x0000000087e00000, 0x0000000087f00000, 0x0000000087f00000|100%| E|CS|TAMS 0x0000000087e00000, 0x0000000087e00000| Complete 
| 127|0x0000000087f00000, 0x0000000088000000, 0x0000000088000000|100%| E|CS|TAMS 0x0000000087f00000, 0x0000000087f00000| Complete 

Card table byte_map: [0x00000280a00d0000,0x00000280a04d0000] _byte_map_base: 0x000002809fcd0000

Marking Bits (Prev, Next): (CMBitMap*) 0x000002808d1eee18, (CMBitMap*) 0x000002808d1eee50
 Prev Bits: [0x00000280a08d0000, 0x00000280a28d0000)
 Next Bits: [0x00000280a28d0000, 0x00000280a48d0000)

Polling page: 0x000002808aff0000

Metaspace:

Usage:
  Non-class:     38.66 MB capacity,    38.03 MB ( 98%) used,   534.49 KB (  1%) free+waste,   105.88 KB ( <1%) overhead. 
      Class:      5.86 MB capacity,     5.49 MB ( 94%) used,   329.96 KB (  6%) free+waste,    50.25 KB ( <1%) overhead. 
       Both:     44.51 MB capacity,    43.52 MB ( 98%) used,   864.45 KB (  2%) free+waste,   156.13 KB ( <1%) overhead. 

Virtual space:
  Non-class space:       40.00 MB reserved,      38.83 MB ( 97%) committed 
      Class space:        1.00 GB reserved,       5.88 MB ( <1%) committed 
             Both:        1.04 GB reserved,      44.70 MB (  4%) committed 

Chunk freelists:
   Non-Class:  48.00 KB
       Class:  19.00 KB
        Both:  67.00 KB

MaxMetaspaceSize: 17179869184.00 GB
CompressedClassSpaceSize: 1.00 GB
Initial GC threshold: 20.80 MB
Current GC threshold: 58.88 MB
CDS: off

CodeHeap 'non-profiled nmethods': size=120064Kb used=2306Kb max_used=2306Kb free=117757Kb
 bounds [0x0000028098790000, 0x0000028098a00000, 0x000002809fcd0000]
CodeHeap 'profiled nmethods': size=120000Kb used=8378Kb max_used=8378Kb free=111622Kb
 bounds [0x0000028091260000, 0x0000028091a90000, 0x0000028098790000]
CodeHeap 'non-nmethods': size=5696Kb used=2277Kb max_used=2317Kb free=3418Kb
 bounds [0x0000028090cd0000, 0x0000028090f40000, 0x0000028091260000]
 total_blobs=4674 nmethods=3902 adapters=684
 compilation: enabled
              stopped_count=0, restarted_count=0
 full_count=0

Compilation events (20 events):
Event: 27.670 Thread 0x00000280a6dd9000 nmethod 3892 0x0000028091a80010 code [0x0000028091a801e0, 0x0000028091a803f8]
Event: 27.670 Thread 0x00000280a6dd9000 3895       3       org.gradle.internal.instantiation.generator.AbstractClassGenerator$MethodMetadata::getName (8 bytes)
Event: 27.670 Thread 0x00000280a6dd9000 nmethod 3895 0x0000028091a80510 code [0x0000028091a806c0, 0x0000028091a807d8]
Event: 27.671 Thread 0x00000280a6dd9000 3896   !   3       java.lang.reflect.Field::declaredAnnotations (82 bytes)
Event: 27.671 Thread 0x00000280a9180000 nmethod 3893 0x00000280989cfc10 code [0x00000280989cfdc0, 0x00000280989cfea8]
Event: 27.671 Thread 0x00000280a9180000 3894       4       org.objectweb.asm.ByteVector::put12 (64 bytes)
Event: 27.671 Thread 0x00000280a6dd9000 nmethod 3896 0x0000028091a80890 code [0x0000028091a80aa0, 0x0000028091a81048]
Event: 27.674 Thread 0x00000280a9180000 nmethod 3894 0x00000280989cff90 code [0x00000280989d0140, 0x00000280989d02e8]
Event: 27.680 Thread 0x00000280a9180000 3897       4       org.objectweb.asm.ByteVector::putShort (52 bytes)
Event: 27.683 Thread 0x00000280a9180000 nmethod 3897 0x00000280989d0490 code [0x00000280989d0640, 0x00000280989d07c8]
Event: 27.692 Thread 0x00000280a6dd9000 3898       3       com.google.common.collect.ImmutableCollection$Builder::<init> (5 bytes)
Event: 27.692 Thread 0x00000280a6dd9000 nmethod 3898 0x0000028091a81310 code [0x0000028091a814c0, 0x0000028091a81618]
Event: 27.749 Thread 0x00000280a6dd9000 3899       3       org.gradle.internal.instantiation.generator.AsmBackedClassGenerator$ClassBuilderImpl::applyConventionMappingToGetter (479 bytes)
Event: 27.754 Thread 0x00000280a6dd9000 nmethod 3899 0x0000028091a81710 code [0x0000028091a81d20, 0x0000028091a849e8]
Event: 27.754 Thread 0x00000280a6dd9000 3900       3       org.gradle.internal.instantiation.generator.AsmBackedClassGenerator$ClassBuilderImpl::applyConventionMappingToProperty (34 bytes)
Event: 27.754 Thread 0x00000280a6dd9000 nmethod 3900 0x0000028091a85a90 code [0x0000028091a85ce0, 0x0000028091a86368]
Event: 27.769 Thread 0x00000280a6dd9000 3901       3       com.google.common.reflect.TypeResolver::resolveType (74 bytes)
Event: 27.770 Thread 0x00000280a6dd9000 nmethod 3901 0x0000028091a86610 code [0x0000028091a86920, 0x0000028091a87e08]
Event: 27.771 Thread 0x00000280a6dd9000 3902       3       sun.reflect.generics.tree.TypeVariableSignature::accept (8 bytes)
Event: 27.771 Thread 0x00000280a6dd9000 nmethod 3902 0x0000028091a88290 code [0x0000028091a88480, 0x0000028091a88888]

GC Heap History (16 events):
Event: 3.488 GC heap before
{Heap before GC invocations=0 (full 0):
 garbage-first heap   total 131072K, used 17408K [0x0000000080000000, 0x0000000100000000)
  region size 1024K, 14 young (14336K), 0 survivors (0K)
 Metaspace       used 6773K, capacity 7001K, committed 7168K, reserved 1056768K
  class space    used 575K, capacity 650K, committed 768K, reserved 1048576K
}
Event: 3.499 GC heap after
{Heap after GC invocations=1 (full 0):
 garbage-first heap   total 131072K, used 4521K [0x0000000080000000, 0x0000000100000000)
  region size 1024K, 2 young (2048K), 2 survivors (2048K)
 Metaspace       used 6773K, capacity 7001K, committed 7168K, reserved 1056768K
  class space    used 575K, capacity 650K, committed 768K, reserved 1048576K
}
Event: 4.452 GC heap before
{Heap before GC invocations=1 (full 0):
 garbage-first heap   total 131072K, used 19881K [0x0000000080000000, 0x0000000100000000)
  region size 1024K, 14 young (14336K), 2 survivors (2048K)
 Metaspace       used 10289K, capacity 10565K, committed 10624K, reserved 1058816K
  class space    used 1055K, capacity 1139K, committed 1152K, reserved 1048576K
}
Event: 4.458 GC heap after
{Heap after GC invocations=2 (full 0):
 garbage-first heap   total 131072K, used 9548K [0x0000000080000000, 0x0000000100000000)
  region size 1024K, 2 young (2048K), 2 survivors (2048K)
 Metaspace       used 10289K, capacity 10565K, committed 10624K, reserved 1058816K
  class space    used 1055K, capacity 1139K, committed 1152K, reserved 1048576K
}
Event: 5.819 GC heap before
{Heap before GC invocations=2 (full 0):
 garbage-first heap   total 131072K, used 38220K [0x0000000080000000, 0x0000000100000000)
  region size 1024K, 30 young (30720K), 2 survivors (2048K)
 Metaspace       used 11259K, capacity 11520K, committed 11776K, reserved 1060864K
  class space    used 1156K, capacity 1244K, committed 1280K, reserved 1048576K
}
Event: 5.825 GC heap after
{Heap after GC invocations=3 (full 0):
 garbage-first heap   total 131072K, used 11810K [0x0000000080000000, 0x0000000100000000)
  region size 1024K, 4 young (4096K), 4 survivors (4096K)
 Metaspace       used 11259K, capacity 11520K, committed 11776K, reserved 1060864K
  class space    used 1156K, capacity 1244K, committed 1280K, reserved 1048576K
}
Event: 10.935 GC heap before
{Heap before GC invocations=3 (full 0):
 garbage-first heap   total 131072K, used 53794K [0x0000000080000000, 0x0000000100000000)
  region size 1024K, 46 young (47104K), 4 survivors (4096K)
 Metaspace       used 17666K, capacity 18113K, committed 18432K, reserved 1064960K
  class space    used 2057K, capacity 2211K, committed 2304K, reserved 1048576K
}
Event: 10.954 GC heap after
{Heap after GC invocations=4 (full 0):
 garbage-first heap   total 131072K, used 16320K [0x0000000080000000, 0x0000000100000000)
  region size 1024K, 6 young (6144K), 6 survivors (6144K)
 Metaspace       used 17666K, capacity 18113K, committed 18432K, reserved 1064960K
  class space    used 2057K, capacity 2211K, committed 2304K, reserved 1048576K
}
Event: 12.529 GC heap before
{Heap before GC invocations=4 (full 0):
 garbage-first heap   total 131072K, used 46016K [0x0000000080000000, 0x0000000100000000)
  region size 1024K, 36 young (36864K), 6 survivors (6144K)
 Metaspace       used 20796K, capacity 21199K, committed 21296K, reserved 1069056K
  class space    used 2527K, capacity 2686K, committed 2688K, reserved 1048576K
}
Event: 12.548 GC heap after
{Heap after GC invocations=5 (full 0):
 garbage-first heap   total 131072K, used 17975K [0x0000000080000000, 0x0000000100000000)
  region size 1024K, 7 young (7168K), 7 survivors (7168K)
 Metaspace       used 20796K, capacity 21199K, committed 21296K, reserved 1069056K
  class space    used 2527K, capacity 2686K, committed 2688K, reserved 1048576K
}
Event: 15.300 GC heap before
{Heap before GC invocations=6 (full 0):
 garbage-first heap   total 131072K, used 71223K [0x0000000080000000, 0x0000000100000000)
  region size 1024K, 59 young (60416K), 7 survivors (7168K)
 Metaspace       used 26406K, capacity 27026K, committed 27184K, reserved 1073152K
  class space    used 3403K, capacity 3639K, committed 3712K, reserved 1048576K
}
Event: 15.314 GC heap after
{Heap after GC invocations=7 (full 0):
 garbage-first heap   total 131072K, used 20234K [0x0000000080000000, 0x0000000100000000)
  region size 1024K, 4 young (4096K), 4 survivors (4096K)
 Metaspace       used 26406K, capacity 27026K, committed 27184K, reserved 1073152K
  class space    used 3403K, capacity 3639K, committed 3712K, reserved 1048576K
}
Event: 19.890 GC heap before
{Heap before GC invocations=7 (full 0):
 garbage-first heap   total 131072K, used 82698K [0x0000000080000000, 0x0000000100000000)
  region size 1024K, 66 young (67584K), 4 survivors (4096K)
 Metaspace       used 35014K, capacity 35762K, committed 35920K, reserved 1081344K
  class space    used 4488K, capacity 4788K, committed 4864K, reserved 1048576K
}
Event: 19.915 GC heap after
{Heap after GC invocations=8 (full 0):
 garbage-first heap   total 131072K, used 22869K [0x0000000080000000, 0x0000000100000000)
  region size 1024K, 7 young (7168K), 7 survivors (7168K)
 Metaspace       used 35014K, capacity 35762K, committed 35920K, reserved 1081344K
  class space    used 4488K, capacity 4788K, committed 4864K, reserved 1048576K
}
Event: 25.167 GC heap before
{Heap before GC invocations=9 (full 0):
 garbage-first heap   total 131072K, used 92501K [0x0000000080000000, 0x0000000100000000)
  region size 1024K, 73 young (74752K), 7 survivors (7168K)
 Metaspace       used 40470K, capacity 41345K, committed 41424K, reserved 1085440K
  class space    used 5094K, capacity 5448K, committed 5504K, reserved 1048576K
}
Event: 25.197 GC heap after
{Heap after GC invocations=10 (full 0):
 garbage-first heap   total 131072K, used 28382K [0x0000000080000000, 0x0000000100000000)
  region size 1024K, 9 young (9216K), 9 survivors (9216K)
 Metaspace       used 40470K, capacity 41345K, committed 41424K, reserved 1085440K
  class space    used 5094K, capacity 5448K, committed 5504K, reserved 1048576K
}

Deoptimization events (20 events):
Event: 26.995 Thread 0x00000280a9b7f800 Uncommon trap: trap_request=0xffffff4d fr.pc=0x00000280988cff08 relative=0x00000000000000e8
Event: 26.995 Thread 0x00000280a9b7f800 Uncommon trap: reason=unstable_if action=reinterpret pc=0x00000280988cff08 method=org.objectweb.asm.ByteVector.putShort(I)Lorg/objectweb/asm/ByteVector; @ 13 c2
Event: 26.995 Thread 0x00000280a9b7f800 DEOPT PACKING pc=0x00000280988cff08 sp=0x000000aa87df8990
Event: 26.995 Thread 0x00000280a9b7f800 DEOPT UNPACKING pc=0x0000028090d1a1af sp=0x000000aa87df8928 mode 2
Event: 27.083 Thread 0x00000280a9b7f800 Uncommon trap: trap_request=0xffffff4d fr.pc=0x00000280988f60c0 relative=0x0000000000001ac0
Event: 27.083 Thread 0x00000280a9b7f800 Uncommon trap: reason=unstable_if action=reinterpret pc=0x00000280988f60c0 method=java.util.concurrent.ConcurrentHashMap.computeIfAbsent(Ljava/lang/Object;Ljava/util/function/Function;)Ljava/lang/Object; @ 123 c2
Event: 27.084 Thread 0x00000280a9b7f800 DEOPT PACKING pc=0x00000280988f60c0 sp=0x000000aa87df9de0
Event: 27.084 Thread 0x00000280a9b7f800 DEOPT UNPACKING pc=0x0000028090d1a1af sp=0x000000aa87df9d80 mode 2
Event: 27.401 Thread 0x00000280a9b7f800 Uncommon trap: trap_request=0xffffffc6 fr.pc=0x00000280988b8578 relative=0x0000000000000218
Event: 27.401 Thread 0x00000280a9b7f800 Uncommon trap: reason=bimorphic_or_optimized_type_check action=maybe_recompile pc=0x00000280988b8578 method=com.google.common.base.CharMatcher.indexIn(Ljava/lang/CharSequence;I)I @ 31 c2
Event: 27.401 Thread 0x00000280a9b7f800 DEOPT PACKING pc=0x00000280988b8578 sp=0x000000aa87df7990
Event: 27.401 Thread 0x00000280a9b7f800 DEOPT UNPACKING pc=0x0000028090d1a1af sp=0x000000aa87df7938 mode 2
Event: 27.413 Thread 0x00000280a9b7f800 Uncommon trap: trap_request=0xffffffc6 fr.pc=0x00000280988b8578 relative=0x0000000000000218
Event: 27.413 Thread 0x00000280a9b7f800 Uncommon trap: reason=bimorphic_or_optimized_type_check action=maybe_recompile pc=0x00000280988b8578 method=com.google.common.base.CharMatcher.indexIn(Ljava/lang/CharSequence;I)I @ 31 c2
Event: 27.413 Thread 0x00000280a9b7f800 DEOPT PACKING pc=0x00000280988b8578 sp=0x000000aa87df7990
Event: 27.413 Thread 0x00000280a9b7f800 DEOPT UNPACKING pc=0x0000028090d1a1af sp=0x000000aa87df7938 mode 2
Event: 27.431 Thread 0x00000280a9b7f800 Uncommon trap: trap_request=0xffffffc6 fr.pc=0x00000280988b8578 relative=0x0000000000000218
Event: 27.431 Thread 0x00000280a9b7f800 Uncommon trap: reason=bimorphic_or_optimized_type_check action=maybe_recompile pc=0x00000280988b8578 method=com.google.common.base.CharMatcher.indexIn(Ljava/lang/CharSequence;I)I @ 31 c2
Event: 27.431 Thread 0x00000280a9b7f800 DEOPT PACKING pc=0x00000280988b8578 sp=0x000000aa87df92e0
Event: 27.431 Thread 0x00000280a9b7f800 DEOPT UNPACKING pc=0x0000028090d1a1af sp=0x000000aa87df9288 mode 2

Classes redefined (0 events):
No events

Internal exceptions (20 events):
Event: 24.795 Thread 0x00000280a9b7f800 Exception <a 'java/lang/ClassNotFoundException'{0x00000000841ad5e8}: org/gradle/api/internal/provider/AbstractMinimalProviderCustomizer> (0x00000000841ad5e8) thrown at [./src/hotspot/share/classfile/systemDictionary.cpp, line 231]
Event: 24.806 Thread 0x00000280a9b7f800 Exception <a 'java/lang/ClassNotFoundException'{0x000000008400f180}: org/gradle/api/internal/provider/AbstractPropertyCustomizer> (0x000000008400f180) thrown at [./src/hotspot/share/classfile/systemDictionary.cpp, line 231]
Event: 24.808 Thread 0x00000280a9b7f800 Exception <a 'java/lang/ClassNotFoundException'{0x0000000084041f90}: org/gradle/api/internal/provider/DefaultPropertyCustomizer> (0x0000000084041f90) thrown at [./src/hotspot/share/classfile/systemDictionary.cpp, line 231]
Event: 25.048 Thread 0x00000280a9b7f800 Exception <a 'java/lang/ClassNotFoundException'{0x0000000083e38728}: org/gradle/initialization/DefaultProjectDescriptorBeanInfo> (0x0000000083e38728) thrown at [./src/hotspot/share/classfile/systemDictionary.cpp, line 231]
Event: 25.049 Thread 0x00000280a9b7f800 Exception <a 'java/lang/ClassNotFoundException'{0x0000000083e5ec68}: org/gradle/initialization/DefaultProjectDescriptorCustomizer> (0x0000000083e5ec68) thrown at [./src/hotspot/share/classfile/systemDictionary.cpp, line 231]
Event: 25.059 Thread 0x00000280a9b7f800 Implicit null exception at 0x00000280988f0a6f to 0x00000280988f0b18
Event: 25.838 Thread 0x00000280a8554800 Exception <a 'java/lang/NoSuchMethodError'{0x0000000087f91948}: <clinit>> (0x0000000087f91948) thrown at [./src/hotspot/share/prims/jni.cpp, line 1366]
Event: 25.840 Thread 0x00000280a8554800 Exception <a 'java/lang/NoSuchMethodError'{0x0000000087f93038}: <clinit>> (0x0000000087f93038) thrown at [./src/hotspot/share/prims/jni.cpp, line 1366]
Event: 25.846 Thread 0x00000280a8554800 Exception <a 'java/lang/NoSuchMethodError'{0x0000000087588a40}: <clinit>> (0x0000000087588a40) thrown at [./src/hotspot/share/prims/jni.cpp, line 1366]
Event: 25.847 Thread 0x00000280a8554800 Exception <a 'java/lang/NoSuchMethodError'{0x000000008758adc8}: <clinit>> (0x000000008758adc8) thrown at [./src/hotspot/share/prims/jni.cpp, line 1366]
Event: 25.855 Thread 0x00000280a8554800 Exception <a 'java/lang/NoSuchMethodError'{0x000000008759aa68}: <clinit>> (0x000000008759aa68) thrown at [./src/hotspot/share/prims/jni.cpp, line 1366]
Event: 26.925 Thread 0x00000280a9b7f800 Implicit null exception at 0x000002809887b2f4 to 0x000002809887b504
Event: 27.369 Thread 0x00000280a9b7f800 Exception <a 'java/lang/ClassNotFoundException'{0x000000008603fa48}: build_6x2yku10ng6xohtuyyirm77pxBeanInfo> (0x000000008603fa48) thrown at [./src/hotspot/share/classfile/systemDictionary.cpp, line 231]
Event: 27.370 Thread 0x00000280a9b7f800 Exception <a 'java/lang/ClassNotFoundException'{0x0000000086056e00}: org/gradle/api/internal/project/ProjectScriptBeanInfo> (0x0000000086056e00) thrown at [./src/hotspot/share/classfile/systemDictionary.cpp, line 231]
Event: 27.371 Thread 0x00000280a9b7f800 Exception <a 'java/lang/ClassNotFoundException'{0x000000008606e630}: org/gradle/api/internal/project/ProjectScriptCustomizer> (0x000000008606e630) thrown at [./src/hotspot/share/classfile/systemDictionary.cpp, line 231]
Event: 27.374 Thread 0x00000280a9b7f800 Exception <a 'java/lang/ClassNotFoundException'{0x000000008608a848}: build_6x2yku10ng6xohtuyyirm77pxCustomizer> (0x000000008608a848) thrown at [./src/hotspot/share/classfile/systemDictionary.cpp, line 231]
Event: 27.395 Thread 0x00000280a9b7f800 Exception <a 'java/lang/ClassNotFoundException'{0x0000000085f1f128}: org/gradle/plugin/use/internal/PluginRequestCollector$PluginDependenciesSpecImplBeanInfo> (0x0000000085f1f128) thrown at [./src/hotspot/share/classfile/systemDictionary.cpp, line 231]
Event: 27.397 Thread 0x00000280a9b7f800 Exception <a 'java/lang/ClassNotFoundException'{0x0000000085f4e678}: org/gradle/plugin/use/internal/PluginRequestCollector$PluginDependenciesSpecImplCustomizer> (0x0000000085f4e678) thrown at [./src/hotspot/share/classfile/systemDictionary.cpp, line 231]
Event: 27.404 Thread 0x00000280a9b7f800 Exception <a 'java/lang/ClassNotFoundException'{0x0000000085fb7d10}: org/gradle/plugin/use/internal/PluginRequestCollector$PluginDependencySpecImplBeanInfo> (0x0000000085fb7d10) thrown at [./src/hotspot/share/classfile/systemDictionary.cpp, line 231]
Event: 27.405 Thread 0x00000280a9b7f800 Exception <a 'java/lang/ClassNotFoundException'{0x0000000085fe6410}: org/gradle/plugin/use/internal/PluginRequestCollector$PluginDependencySpecImplCustomizer> (0x0000000085fe6410) thrown at [./src/hotspot/share/classfile/systemDictionary.cpp, line 231]

Events (20 events):
Event: 27.733 loading class org/gradle/api/internal/artifacts/configurations/DefaultConfiguration$SelectedArtifactsProvider
Event: 27.733 loading class org/gradle/api/internal/artifacts/configurations/DefaultConfiguration$SelectedArtifactsProvider done
Event: 27.734 loading class org/gradle/api/internal/artifacts/configurations/DefaultConfiguration$DefaultResolutionHost
Event: 27.734 loading class org/gradle/api/internal/artifacts/configurations/DefaultConfiguration$DefaultResolutionHost done
Event: 27.737 loading class org/gradle/api/internal/artifacts/configurations/DefaultConfiguration$ArtifactViewConfiguration
Event: 27.737 loading class org/gradle/api/internal/artifacts/configurations/DefaultConfiguration$ArtifactViewConfiguration done
Event: 27.739 loading class org/gradle/api/artifacts/ArtifactView$ViewConfiguration
Event: 27.739 loading class org/gradle/api/artifacts/ArtifactView$ViewConfiguration done
Event: 27.752 loading class org/gradle/api/internal/artifacts/configurations/DefaultConfiguration$AllArtifactsProvider
Event: 27.752 loading class org/gradle/api/internal/artifacts/configurations/DefaultConfiguration$AllArtifactsProvider done
Event: 27.755 loading class org/gradle/api/internal/artifacts/configurations/PublishArtifactSetProvider
Event: 27.755 loading class org/gradle/api/internal/artifacts/configurations/PublishArtifactSetProvider done
Event: 27.756 loading class org/gradle/api/internal/artifacts/configurations/DefaultConfiguration$ArtifactCollectionResolvedArtifactsFactory
Event: 27.756 loading class org/gradle/api/internal/artifacts/configurations/DefaultConfiguration$ArtifactCollectionResolvedArtifactsFactory done
Event: 27.756 loading class org/gradle/api/internal/artifacts/configurations/DefaultConfiguration$ArtifactSetResult
Event: 27.756 loading class org/gradle/api/internal/artifacts/configurations/DefaultConfiguration$ArtifactSetResult done
Event: 27.763 loading class org/gradle/api/internal/artifacts/configurations/DefaultConfiguration$ConfigurationDescription
Event: 27.763 loading class org/gradle/api/internal/artifacts/configurations/DefaultConfiguration$ConfigurationDescription done
Event: 27.764 loading class org/gradle/internal/Describables$MemoizingDescribable
Event: 27.764 loading class org/gradle/internal/Describables$MemoizingDescribable done


Dynamic libraries:
0x00007ff63ab80000 - 0x00007ff63ab8a000 	C:\Program Files\Android\Android Studio\jre\bin\java.exe
0x00007ff93fcb0000 - 0x00007ff93fea8000 	C:\WINDOWS\SYSTEM32\ntdll.dll
0x00007ff93dd10000 - 0x00007ff93ddcf000 	C:\WINDOWS\System32\KERNEL32.DLL
0x00007ff93d710000 - 0x00007ff93d9e2000 	C:\WINDOWS\System32\KERNELBASE.dll
0x00007ff93db20000 - 0x00007ff93dc20000 	C:\WINDOWS\System32\ucrtbase.dll
0x00007ff9362d0000 - 0x00007ff9362e7000 	C:\Program Files\Android\Android Studio\jre\bin\VCRUNTIME140.dll
0x00007ff91cd40000 - 0x00007ff91cd59000 	C:\Program Files\Android\Android Studio\jre\bin\jli.dll
0x00007ff93e700000 - 0x00007ff93e8a1000 	C:\WINDOWS\System32\USER32.dll
0x00007ff93dcd0000 - 0x00007ff93dcf2000 	C:\WINDOWS\System32\win32u.dll
0x00007ff93f4f0000 - 0x00007ff93f51b000 	C:\WINDOWS\System32\GDI32.dll
0x00007ff93d420000 - 0x00007ff93d52f000 	C:\WINDOWS\System32\gdi32full.dll
0x00007ff93d9f0000 - 0x00007ff93da8d000 	C:\WINDOWS\System32\msvcp_win.dll
0x00007ff922650000 - 0x00007ff9228ea000 	C:\WINDOWS\WinSxS\amd64_microsoft.windows.common-controls_6595b64144ccf1df_6.0.19041.1110_none_60b5254171f9507e\COMCTL32.dll
0x00007ff93e5f0000 - 0x00007ff93e68e000 	C:\WINDOWS\System32\msvcrt.dll
0x00007ff93e4e0000 - 0x00007ff93e510000 	C:\WINDOWS\System32\IMM32.DLL
0x00007ff91ba40000 - 0x00007ff91badd000 	C:\Program Files\Android\Android Studio\jre\bin\msvcp140.dll
0x00007ff8b7520000 - 0x00007ff8b8022000 	C:\Program Files\Android\Android Studio\jre\bin\server\jvm.dll
0x00007ff93eb30000 - 0x00007ff93ebde000 	C:\WINDOWS\System32\ADVAPI32.dll
0x00007ff93eec0000 - 0x00007ff93ef5c000 	C:\WINDOWS\System32\sechost.dll
0x00007ff93e8b0000 - 0x00007ff93e9d4000 	C:\WINDOWS\System32\RPCRT4.dll
0x00007ff93dd00000 - 0x00007ff93dd08000 	C:\WINDOWS\System32\PSAPI.DLL
0x00007ff936920000 - 0x00007ff93692a000 	C:\WINDOWS\SYSTEM32\VERSION.dll
0x00007ff9223b0000 - 0x00007ff9223b9000 	C:\WINDOWS\SYSTEM32\WSOCK32.dll
0x00007ff922190000 - 0x00007ff9221b7000 	C:\WINDOWS\SYSTEM32\WINMM.dll
0x00007ff93eaa0000 - 0x00007ff93eb0b000 	C:\WINDOWS\System32\WS2_32.dll
0x00007ff93bb10000 - 0x00007ff93bb22000 	C:\WINDOWS\SYSTEM32\kernel.appcore.dll
0x00007ff9366e0000 - 0x00007ff9366f1000 	C:\Program Files\Android\Android Studio\jre\bin\verify.dll
0x00007ff93b750000 - 0x00007ff93b934000 	C:\WINDOWS\SYSTEM32\DBGHELP.DLL
0x00007ff933e60000 - 0x00007ff933e95000 	C:\WINDOWS\SYSTEM32\dbgcore.DLL
0x00007ff93da90000 - 0x00007ff93db12000 	C:\WINDOWS\System32\bcryptPrimitives.dll
0x00007ff91c190000 - 0x00007ff91c1b9000 	C:\Program Files\Android\Android Studio\jre\bin\java.dll
0x00007ff936c20000 - 0x00007ff936c2b000 	C:\Program Files\Android\Android Studio\jre\bin\jimage.dll
0x00007ff929aa0000 - 0x00007ff929ab8000 	C:\Program Files\Android\Android Studio\jre\bin\zip.dll
0x00007ff93f520000 - 0x00007ff93fc65000 	C:\WINDOWS\System32\SHELL32.dll
0x00007ff93afb0000 - 0x00007ff93b742000 	C:\WINDOWS\SYSTEM32\windows.storage.dll
0x00007ff93ddd0000 - 0x00007ff93e125000 	C:\WINDOWS\System32\combase.dll
0x00007ff93cd30000 - 0x00007ff93cd60000 	C:\WINDOWS\SYSTEM32\Wldp.dll
0x00007ff93e1c0000 - 0x00007ff93e26d000 	C:\WINDOWS\System32\SHCORE.dll
0x00007ff93f480000 - 0x00007ff93f4d5000 	C:\WINDOWS\System32\shlwapi.dll
0x00007ff93d2f0000 - 0x00007ff93d30f000 	C:\WINDOWS\SYSTEM32\profapi.dll
0x00007ff925d10000 - 0x00007ff925d2a000 	C:\Program Files\Android\Android Studio\jre\bin\net.dll
0x00007ff93c330000 - 0x00007ff93c43a000 	C:\WINDOWS\SYSTEM32\WINHTTP.dll
0x00007ff93ca90000 - 0x00007ff93cafa000 	C:\WINDOWS\system32\mswsock.dll
0x00007ff91c170000 - 0x00007ff91c184000 	C:\Program Files\Android\Android Studio\jre\bin\nio.dll
0x00007ff936700000 - 0x00007ff936727000 	C:\Users\sale\.gradle\native\e1d6ef7f7dcc3fd88c89a11ec53ec762bb8ba0a96d01ffa2cd45eb1d1d8dd5c5\windows-amd64\native-platform.dll
0x00007ff8f76e0000 - 0x00007ff8f7824000 	C:\Users\sale\.gradle\native\0d407fdbe67a94daf76414ababcb853783967236a71b16ec16e742cd7a986fd3\windows-amd64\native-platform-file-events.dll
0x00007ff936760000 - 0x00007ff93676a000 	C:\Program Files\Android\Android Studio\jre\bin\management.dll
0x00007ff936730000 - 0x00007ff93673d000 	C:\Program Files\Android\Android Studio\jre\bin\management_ext.dll
0x00007ff93cc90000 - 0x00007ff93cca8000 	C:\WINDOWS\SYSTEM32\CRYPTSP.dll
0x00007ff93c2a0000 - 0x00007ff93c2d4000 	C:\WINDOWS\system32\rsaenh.dll
0x00007ff93d690000 - 0x00007ff93d6b7000 	C:\WINDOWS\System32\bcrypt.dll
0x00007ff93d2b0000 - 0x00007ff93d2de000 	C:\WINDOWS\SYSTEM32\USERENV.dll
0x00007ff93cc80000 - 0x00007ff93cc8c000 	C:\WINDOWS\SYSTEM32\CRYPTBASE.dll
0x00007ff93c780000 - 0x00007ff93c7bb000 	C:\WINDOWS\SYSTEM32\IPHLPAPI.DLL
0x00007ff93f4e0000 - 0x00007ff93f4e8000 	C:\WINDOWS\System32\NSI.dll
0x00007ff936c00000 - 0x00007ff936c17000 	C:\WINDOWS\SYSTEM32\dhcpcsvc6.DLL
0x00007ff936be0000 - 0x00007ff936bfd000 	C:\WINDOWS\SYSTEM32\dhcpcsvc.DLL
0x00007ff93c7c0000 - 0x00007ff93c88b000 	C:\WINDOWS\SYSTEM32\DNSAPI.dll

dbghelp: loaded successfully - version: 4.0.5 - missing functions: none
symbol engine: initialized successfully - sym options: 0x614 - pdb path: .;C:\Program Files\Android\Android Studio\jre\bin;C:\WINDOWS\SYSTEM32;C:\WINDOWS\WinSxS\amd64_microsoft.windows.common-controls_6595b64144ccf1df_6.0.19041.1110_none_60b5254171f9507e;C:\Program Files\Android\Android Studio\jre\bin\server;C:\Users\sale\.gradle\native\e1d6ef7f7dcc3fd88c89a11ec53ec762bb8ba0a96d01ffa2cd45eb1d1d8dd5c5\windows-amd64;C:\Users\sale\.gradle\native\0d407fdbe67a94daf76414ababcb853783967236a71b16ec16e742cd7a986fd3\windows-amd64

VM Arguments:
jvm_args: --add-opens=java.base/java.util=ALL-UNNAMED --add-opens=java.base/java.lang=ALL-UNNAMED --add-opens=java.base/java.lang.invoke=ALL-UNNAMED --add-opens=java.base/java.util=ALL-UNNAMED --add-opens=java.prefs/java.util.prefs=ALL-UNNAMED --add-opens=java.prefs/java.util.prefs=ALL-UNNAMED --add-opens=java.base/java.nio.charset=ALL-UNNAMED --add-opens=java.base/java.net=ALL-UNNAMED --add-opens=java.base/java.util.concurrent.atomic=ALL-UNNAMED -Xmx2048m -Dfile.encoding=UTF-8 -Duser.country=RU -Duser.language=ru -Duser.variant 
java_command: org.gradle.launcher.daemon.bootstrap.GradleDaemon 7.4
java_class_path (initial): C:\Users\sale\.gradle\wrapper\dists\gradle-7.4-bin\c0gwcg53nkjbqw7r0h0umtfvt\gradle-7.4\lib\gradle-launcher-7.4.jar
Launcher Type: SUN_STANDARD

[Global flags]
     intx CICompilerCount                          = 3                                         {product} {ergonomic}
     uint ConcGCThreads                            = 1                                         {product} {ergonomic}
     uint G1ConcRefinementThreads                  = 4                                         {product} {ergonomic}
   size_t G1HeapRegionSize                         = 1048576                                   {product} {ergonomic}
    uintx GCDrainStackTargetSize                   = 64                                        {product} {ergonomic}
   size_t InitialHeapSize                          = 134217728                                 {product} {ergonomic}
   size_t MarkStackSize                            = 4194304                                   {product} {ergonomic}
   size_t MaxHeapSize                              = 2147483648                                {product} {command line}
   size_t MaxNewSize                               = 1287651328                                {product} {ergonomic}
   size_t MinHeapDeltaBytes                        = 1048576                                   {product} {ergonomic}
    uintx NonNMethodCodeHeapSize                   = 5830732                                {pd product} {ergonomic}
    uintx NonProfiledCodeHeapSize                  = 122913754                              {pd product} {ergonomic}
    uintx ProfiledCodeHeapSize                     = 122913754                              {pd product} {ergonomic}
    uintx ReservedCodeCacheSize                    = 251658240                              {pd product} {ergonomic}
     bool SegmentedCodeCache                       = true                                      {product} {ergonomic}
     bool UseCompressedClassPointers               = true                                 {lp64_product} {ergonomic}
     bool UseCompressedOops                        = true                                 {lp64_product} {ergonomic}
     bool UseG1GC                                  = true                                      {product} {ergonomic}
     bool UseLargePagesIndividualAllocation        = false                                  {pd product} {ergonomic}

Logging:
Log output configuration:
 #0: stdout all=warning uptime,level,tags
 #1: stderr all=off uptime,level,tags

Environment Variables:
PATH=C:\Program Files (x86)\Common Files\Oracle\Java\javapath;C:\Program Files (x86)\Common Files\Intel\Shared Libraries\redist\intel64\compiler;C:\ProgramData\Oracle\Java\javapath;C:\WINDOWS\system32;C:\WINDOWS;C:\WINDOWS\System32\Wbem;C:\WINDOWS\System32\WindowsPowerShell\v1.0\;C:\WINDOWS\System32\OpenSSH\;C:\Program Files\Git\cmd;C:\Users\sale\AppData\Local\Microsoft\WindowsApps;
USERNAME=anton
OS=Windows_NT
PROCESSOR_IDENTIFIER=Intel64 Family 6 Model 78 Stepping 3, GenuineIntel



---------------  S Y S T E M  ---------------

OS: Windows 10 , 64 bit Build 19041 (10.0.19041.2546)
OS uptime: 6 days 21:27 hours

CPU:total 4 (initial active 4) (2 cores per cpu, 2 threads per core) family 6 model 78 stepping 3 microcode 0xcc, cmov, cx8, fxsr, mmx, sse, sse2, sse3, ssse3, sse4.1, sse4.2, popcnt, avx, avx2, aes, clmul, erms, 3dnowpref, lzcnt, ht, tsc, tscinvbit, bmi1, bmi2, adx, fma

Memory: 4k page, system-wide physical 8069M (192M free)
TotalPageFile size 26093M (AvailPageFile size 0M)
current process WorkingSet (physical memory assigned to process): 253M, peak: 256M
current process commit charge ("private bytes"): 306M, peak: 310M

vm_info: OpenJDK 64-Bit Server VM (11.0.13+0-b1751.21-8125866) for windows-amd64 JRE (11.0.13+0-b1751.21-8125866), built on Feb  2 2022 03:00:22 by "builder" with MS VC++ 14.0 (VS2015)

END.
